d:\downloads\coding\languages\c++\mgllibwin\mgllibwin\debug\vc142.pdb
d:\downloads\coding\languages\c++\mgllibwin\mgllibwin\debug\vc142.idb
d:\downloads\coding\languages\c++\mgllibwin\mgllibwin\debug\main.obj
d:\downloads\coding\languages\c++\mgllibwin\mgllibwin\debug\imguihelper.obj
d:\downloads\coding\languages\c++\mgllibwin\mgllibwin\debug\utilfunc.obj
d:\downloads\coding\languages\c++\mgllibwin\mgllibwin\debug\texture.obj
d:\downloads\coding\languages\c++\mgllibwin\mgllibwin\debug\shape.obj
d:\downloads\coding\languages\c++\mgllibwin\mgllibwin\debug\point.obj
d:\downloads\coding\languages\c++\mgllibwin\mgllibwin\debug\genericshape.obj
d:\downloads\coding\languages\c++\mgllibwin\mgllibwin\debug\vertexbufferobject.obj
d:\downloads\coding\languages\c++\mgllibwin\mgllibwin\debug\vertexbufferlayout.obj
d:\downloads\coding\languages\c++\mgllibwin\mgllibwin\debug\vertexarrayobject.obj
d:\downloads\coding\languages\c++\mgllibwin\mgllibwin\debug\indexbufferobject.obj
d:\downloads\coding\languages\c++\mgllibwin\mgllibwin\debug\debugger.obj
d:\downloads\coding\languages\c++\mgllibwin\mgllibwin\debug\camera.obj
d:\downloads\coding\languages\c++\mgllibwin\mgllibwin\debug\imgui_widgets.obj
d:\downloads\coding\languages\c++\mgllibwin\mgllibwin\debug\imgui_impl_opengl3.obj
d:\downloads\coding\languages\c++\mgllibwin\mgllibwin\debug\imgui_impl_glfw.obj
d:\downloads\coding\languages\c++\mgllibwin\mgllibwin\debug\imgui_draw.obj
d:\downloads\coding\languages\c++\mgllibwin\mgllibwin\debug\imgui_demo.obj
d:\downloads\coding\languages\c++\mgllibwin\mgllibwin\debug\imgui.obj
d:\downloads\coding\languages\c++\mgllibwin\mgllibwin\debug\window.obj
d:\downloads\coding\languages\c++\mgllibwin\mgllibwin\debug\testshapehandler.obj
d:\downloads\coding\languages\c++\mgllibwin\mgllibwin\debug\testgas.obj
d:\downloads\coding\languages\c++\mgllibwin\mgllibwin\debug\testbasictexture.obj
d:\downloads\coding\languages\c++\mgllibwin\mgllibwin\debug\test.obj
d:\downloads\coding\languages\c++\mgllibwin\mgllibwin\debug\rectangle.obj
d:\downloads\coding\languages\c++\mgllibwin\mgllibwin\debug\cube.obj
d:\downloads\coding\languages\c++\mgllibwin\mgllibwin\debug\circle.obj
d:\downloads\coding\languages\c++\mgllibwin\mgllibwin\debug\shapehandler.obj
d:\downloads\coding\languages\c++\mgllibwin\mgllibwin\debug\shader.obj
d:\downloads\coding\languages\c++\mgllibwin\debug\mgllibwin.pdb
d:\downloads\coding\languages\c++\mgllibwin\mgllibwin\debug\mgllibwin.tlog\cl.command.1.tlog
d:\downloads\coding\languages\c++\mgllibwin\mgllibwin\debug\mgllibwin.tlog\cl.read.1.tlog
d:\downloads\coding\languages\c++\mgllibwin\mgllibwin\debug\mgllibwin.tlog\cl.write.1.tlog
d:\downloads\coding\languages\c++\mgllibwin\mgllibwin\debug\mgllibwin.tlog\link-cvtres.read.1.tlog
d:\downloads\coding\languages\c++\mgllibwin\mgllibwin\debug\mgllibwin.tlog\link-cvtres.write.1.tlog
d:\downloads\coding\languages\c++\mgllibwin\mgllibwin\debug\mgllibwin.tlog\link-rc.read.1.tlog
d:\downloads\coding\languages\c++\mgllibwin\mgllibwin\debug\mgllibwin.tlog\link-rc.write.1.tlog
d:\downloads\coding\languages\c++\mgllibwin\mgllibwin\debug\mgllibwin.tlog\link.14324-cvtres.read.1.tlog
d:\downloads\coding\languages\c++\mgllibwin\mgllibwin\debug\mgllibwin.tlog\link.14324-cvtres.write.1.tlog
d:\downloads\coding\languages\c++\mgllibwin\mgllibwin\debug\mgllibwin.tlog\link.14324-rc.read.1.tlog
d:\downloads\coding\languages\c++\mgllibwin\mgllibwin\debug\mgllibwin.tlog\link.14324-rc.write.1.tlog
d:\downloads\coding\languages\c++\mgllibwin\mgllibwin\debug\mgllibwin.tlog\link.14324.read.1.tlog
d:\downloads\coding\languages\c++\mgllibwin\mgllibwin\debug\mgllibwin.tlog\link.14324.write.1.tlog
d:\downloads\coding\languages\c++\mgllibwin\mgllibwin\debug\mgllibwin.tlog\link.command.1.tlog
d:\downloads\coding\languages\c++\mgllibwin\mgllibwin\debug\mgllibwin.tlog\link.read.1.tlog
d:\downloads\coding\languages\c++\mgllibwin\mgllibwin\debug\mgllibwin.tlog\link.write.1.tlog
